[debug] [2026-01-25T22:34:46.780Z] ----------------------------------------------------------------------
[debug] [2026-01-25T22:34:46.782Z] Command:       /nix/store/qds3rzxwqrkvhzjxgcb95d2qx4sd9b1l-nodejs-20.11.1/bin/node /home/user/.npm/_npx/ba4f1959e38407b5/node_modules/.bin/firebase init hosting
[debug] [2026-01-25T22:34:46.783Z] CLI Version:   15.4.0
[debug] [2026-01-25T22:34:46.783Z] Platform:      linux
[debug] [2026-01-25T22:34:46.783Z] Node Version:  v20.11.1
[debug] [2026-01-25T22:34:46.784Z] Time:          Sun Jan 25 2026 22:34:46 GMT+0000 (Coordinated Universal Time)
[debug] [2026-01-25T22:34:46.784Z] ----------------------------------------------------------------------
[debug] 
[debug] [2026-01-25T22:34:46.786Z] >>> [apiv2][query] GET https://firebase-public.firebaseio.com/cli.json [none]
[debug] [2026-01-25T22:34:48.598Z] No OAuth tokens found
[debug] [2026-01-25T22:34:48.599Z] No OAuth tokens found
[error] Failed to fetch Firebase Project from current Studio Workspace: Unable to refresh auth: not yet authenticated.
[info] 
     ######## #### ########  ######## ########     ###     ######  ########
     ##        ##  ##     ## ##       ##     ##  ##   ##  ##       ##
     ######    ##  ########  ######   ########  #########  ######  ######
     ##        ##  ##    ##  ##       ##     ## ##     ##       ## ##
     ##       #### ##     ## ######## ########  ##     ##  ######  ########

You're about to initialize a Firebase project in this directory:

  /home/user/index

[info] 
=== Project Setup
[info] 
[info] First, let's associate this project directory with a Firebase project.
[info] You can create multiple project aliases by running firebase use --add, 
[info] 
[debug] [2026-01-25T22:34:49.708Z] <<< [apiv2][status] GET https://firebase-public.firebaseio.com/cli.json 200
[debug] [2026-01-25T22:34:49.709Z] <<< [apiv2][body] GET https://firebase-public.firebaseio.com/cli.json {"cloudBuildErrorAfter":1594252800000,"cloudBuildWarnAfter":1590019200000,"defaultNode10After":1594252800000,"minVersion":"3.0.5","node8DeploysDisabledAfter":1613390400000,"node8RuntimeDisabledAfter":1615809600000,"node8WarnAfter":1600128000000}
